<?xml version="1.0" encoding="UTF-8"?>
<!-- Generated by org.testng.reporters.JUnitXMLReporter -->
<testsuite hostname="DESKTOP-M5M51V1" failures="0" tests="6" name="Cart Page Test" time="25.538" errors="0" timestamp="1 Aug 2021 16:50:50 GMT">
  <testcase classname="com.qa.openkart.tests.CartTest" name="verifyItemsinCart" time="0.406"/>
  <testcase classname="com.qa.openkart.tests.CartTest" name="verifyCartItemsNames" time="0.06"/>
  <testcase classname="com.qa.openkart.tests.CartTest" name="verifyCartProductData" time="0.291"/>
  <testcase classname="com.qa.openkart.tests.CartTest" name="verifyCuponCode" time="0.573"/>
  <testcase classname="com.qa.openkart.tests.CartTest" name="verifyEstimateTaxes" time="8.999"/>
  <testcase classname="com.qa.openkart.tests.CartTest" name="verifyGiftCertificate" time="3.232"/>
</testsuite> <!-- Cart Page Test -->
