<?xml version="1.0" encoding="UTF-8"?>
<!-- Generated by org.testng.reporters.JUnitXMLReporter -->
<testsuite ignored="0" hostname="DESKTOP-M5M51V1" failures="1" tests="5" name="Home Page Test" time="25.937" errors="0" timestamp="2021-07-25T14:09:02 IST">
  <testcase classname="com.qa.openkart.tests.HomePageTest" name="HomePageVerification" time="0.176"/>
  <testcase classname="com.qa.openkart.tests.HomePageTest" name="itemsintheCart" time="0.096">
    <failure type="java.lang.AssertionError" message="expected [true] but found [false]">
      <![CDATA[java.lang.AssertionError: expected [true] but found [false]
at com.qa.openkart.tests.HomePageTest.itemsintheCart(HomePageTest.java:34)
at java.base/java.util.ArrayList.forEach(ArrayList.java:1511)
at java.base/java.util.concurrent.FutureTask.run(FutureTask.java:264)
at java.base/java.util.concurrent.ThreadPoolExecutor.runWorker(ThreadPoolExecutor.java:1130)
at java.base/java.util.concurrent.ThreadPoolExecutor$Worker.run(ThreadPoolExecutor.java:630)
at java.base/java.lang.Thread.run(Thread.java:831)
... Removed 22 stack frames]]>
    </failure>
  </testcase> <!-- itemsintheCart -->
  <testcase classname="com.qa.openkart.tests.HomePageTest" name="menuDataVerification" time="0.271"/>
  <testcase classname="com.qa.openkart.tests.HomePageTest" name="multipleItemsVerficaiton" time="0.236"/>
  <testcase classname="com.qa.openkart.tests.HomePageTest" name="searchMethodVerification" time="3.204"/>
</testsuite> <!-- Home Page Test -->
