<?xml version="1.0" encoding="UTF-8"?>
<!-- Generated by org.testng.reporters.JUnitXMLReporter -->
<testsuite ignored="1" hostname="DESKTOP-M5M51V1" failures="0" tests="2" name="Login Page Test" time="18.149" errors="0" timestamp="2021-07-25T14:08:55 IST">
  <testcase classname="com.qa.openkart.tests.LoginPageTest" name="forgotpassButtonVerify" time="1.534"/>
  <testcase classname="com.qa.openkart.tests.LoginPageTest" name="loginpageTitleVerify" time="0.066"/>
  <testcase classname="com.qa.openkart.tests.LoginPageTest" name="doLogin" time="0.0">
    <ignored/>
  </testcase> <!-- doLogin -->
</testsuite> <!-- Login Page Test -->
