<?xml version="1.0" encoding="UTF-8"?>
<testng-results ignored="0" total="5" passed="4" failed="1" skipped="0">
  <reporter-output>
  </reporter-output>
  <suite started-at="2021-07-25T18:58:48 IST" name="Default suite" finished-at="2021-07-25T18:59:25 IST" duration-ms="36699">
    <groups>
    </groups>
    <test started-at="2021-07-25T18:58:48 IST" name="Default test" finished-at="2021-07-25T18:59:25 IST" duration-ms="36699">
      <class name="com.qa.openkart.tests.HomePageTest">
        <test-method is-config="true" signature="setUP()[pri:0, instance:com.qa.openkart.tests.HomePageTest@5ba3f27a]" started-at="2021-07-25T18:58:48 IST" name="setUP" finished-at="2021-07-25T18:59:01 IST" duration-ms="13451" status="PASS">
          <reporter-output>
          </reporter-output>
        </test-method> <!-- setUP -->
        <test-method is-config="true" signature="HomePageSetup()[pri:0, instance:com.qa.openkart.tests.HomePageTest@5ba3f27a]" started-at="2021-07-25T18:59:01 IST" name="HomePageSetup" finished-at="2021-07-25T18:59:15 IST" duration-ms="13361" status="PASS">
          <reporter-output>
          </reporter-output>
        </test-method> <!-- HomePageSetup -->
        <test-method signature="HomePageVerification()[pri:1, instance:com.qa.openkart.tests.HomePageTest@5ba3f27a]" started-at="2021-07-25T18:59:15 IST" name="HomePageVerification" finished-at="2021-07-25T18:59:15 IST" duration-ms="111" status="PASS">
          <reporter-output>
          </reporter-output>
        </test-method> <!-- HomePageVerification -->
        <test-method signature="itemsintheCart()[pri:2, instance:com.qa.openkart.tests.HomePageTest@5ba3f27a]" started-at="2021-07-25T18:59:15 IST" name="itemsintheCart" finished-at="2021-07-25T18:59:15 IST" duration-ms="222" status="FAIL">
          <exception class="java.lang.AssertionError">
            <message>
              <![CDATA[expected [true] but found [false]]]>
            </message>
            <full-stacktrace>
              <![CDATA[java.lang.AssertionError: expected [true] but found [false]
at org.testng.Assert.fail(Assert.java:99)
at org.testng.Assert.failNotEquals(Assert.java:1037)
at org.testng.Assert.assertTrue(Assert.java:45)
at org.testng.Assert.assertTrue(Assert.java:55)
at com.qa.openkart.tests.HomePageTest.itemsintheCart(HomePageTest.java:36)
at java.base/jdk.internal.reflect.NativeMethodAccessorImpl.invoke0(Native Method)
at java.base/jdk.internal.reflect.NativeMethodAccessorImpl.invoke(NativeMethodAccessorImpl.java:78)
at java.base/jdk.internal.reflect.DelegatingMethodAccessorImpl.invoke(DelegatingMethodAccessorImpl.java:43)
at java.base/java.lang.reflect.Method.invoke(Method.java:567)
at org.testng.internal.MethodInvocationHelper.invokeMethod(MethodInvocationHelper.java:133)
at org.testng.internal.TestInvoker.invokeMethod(TestInvoker.java:598)
at org.testng.internal.TestInvoker.invokeTestMethod(TestInvoker.java:173)
at org.testng.internal.MethodRunner.runInSequence(MethodRunner.java:46)
at org.testng.internal.TestInvoker$MethodInvocationAgent.invoke(TestInvoker.java:824)
at org.testng.internal.TestInvoker.invokeTestMethods(TestInvoker.java:146)
at org.testng.internal.TestMethodWorker.invokeTestMethods(TestMethodWorker.java:146)
at org.testng.internal.TestMethodWorker.run(TestMethodWorker.java:128)
at java.base/java.util.ArrayList.forEach(ArrayList.java:1511)
at org.testng.TestRunner.privateRun(TestRunner.java:794)
at org.testng.TestRunner.run(TestRunner.java:596)
at org.testng.SuiteRunner.runTest(SuiteRunner.java:377)
at org.testng.SuiteRunner.runSequentially(SuiteRunner.java:371)
at org.testng.SuiteRunner.privateRun(SuiteRunner.java:332)
at org.testng.SuiteRunner.run(SuiteRunner.java:276)
at org.testng.SuiteRunnerWorker.runSuite(SuiteRunnerWorker.java:53)
at org.testng.SuiteRunnerWorker.run(SuiteRunnerWorker.java:96)
at org.testng.TestNG.runSuitesSequentially(TestNG.java:1212)
at org.testng.TestNG.runSuitesLocally(TestNG.java:1134)
at org.testng.TestNG.runSuites(TestNG.java:1063)
at org.testng.TestNG.run(TestNG.java:1031)
at org.testng.remote.AbstractRemoteTestNG.run(AbstractRemoteTestNG.java:115)
at org.testng.remote.RemoteTestNG.initAndRun(RemoteTestNG.java:251)
at org.testng.remote.RemoteTestNG.main(RemoteTestNG.java:77)
]]>
            </full-stacktrace>
          </exception> <!-- java.lang.AssertionError -->
          <reporter-output>
          </reporter-output>
        </test-method> <!-- itemsintheCart -->
        <test-method signature="menuDataVerification()[pri:3, instance:com.qa.openkart.tests.HomePageTest@5ba3f27a]" started-at="2021-07-25T18:59:15 IST" name="menuDataVerification" finished-at="2021-07-25T18:59:15 IST" duration-ms="252" status="PASS">
          <reporter-output>
          </reporter-output>
        </test-method> <!-- menuDataVerification -->
        <test-method signature="multipleItemsVerficaiton()[pri:4, instance:com.qa.openkart.tests.HomePageTest@5ba3f27a]" started-at="2021-07-25T18:59:15 IST" name="multipleItemsVerficaiton" finished-at="2021-07-25T18:59:15 IST" duration-ms="112" status="PASS">
          <reporter-output>
          </reporter-output>
        </test-method> <!-- multipleItemsVerficaiton -->
        <test-method signature="searchMethodVerification()[pri:5, instance:com.qa.openkart.tests.HomePageTest@5ba3f27a]" started-at="2021-07-25T18:59:15 IST" name="searchMethodVerification" finished-at="2021-07-25T18:59:24 IST" duration-ms="8685" status="PASS">
          <reporter-output>
          </reporter-output>
        </test-method> <!-- searchMethodVerification -->
        <test-method is-config="true" signature="tearDown()[pri:0, instance:com.qa.openkart.tests.HomePageTest@5ba3f27a]" started-at="2021-07-25T18:59:24 IST" name="tearDown" finished-at="2021-07-25T18:59:25 IST" duration-ms="422" status="PASS">
          <reporter-output>
          </reporter-output>
        </test-method> <!-- tearDown -->
      </class> <!-- com.qa.openkart.tests.HomePageTest -->
    </test> <!-- Default test -->
  </suite> <!-- Default suite -->
</testng-results>
