<?xml version="1.0" encoding="UTF-8"?>
<testng-results total="7" passed="6" failed="1" skipped="0">
  <reporter-output>
  </reporter-output>
  <suite started-at="2021-07-28T17:34:34Z" name="OPen Kart Test Automation Suite" finished-at="2021-07-28T17:34:52Z" duration-ms="18248">
    <groups>
    </groups>
    <test started-at="2021-07-28T17:34:34Z" name="Login Page Test" finished-at="2021-07-28T17:34:41Z" duration-ms="7531">
      <class name="com.qa.openkart.tests.LoginPageTest">
        <test-method is-config="true" signature="setUP()[pri:0, instance:com.qa.openkart.tests.LoginPageTest@20435c40]" started-at="2021-07-28T23:04:34Z" name="setUP" finished-at="2021-07-28T23:04:41Z" duration-ms="6876" status="PASS">
          <reporter-output>
          </reporter-output>
        </test-method> <!-- setUP -->
        <test-method signature="forgotpassButtonVerify()[pri:0, instance:com.qa.openkart.tests.LoginPageTest@20435c40]" started-at="2021-07-28T23:04:41Z" name="forgotpassButtonVerify" finished-at="2021-07-28T23:04:41Z" duration-ms="250" status="PASS">
          <reporter-output>
          </reporter-output>
        </test-method> <!-- forgotpassButtonVerify -->
        <test-method signature="loginpageTitleVerify()[pri:0, instance:com.qa.openkart.tests.LoginPageTest@20435c40]" started-at="2021-07-28T23:04:41Z" name="loginpageTitleVerify" finished-at="2021-07-28T23:04:41Z" duration-ms="41" status="PASS">
          <reporter-output>
          </reporter-output>
        </test-method> <!-- loginpageTitleVerify -->
        <test-method is-config="true" signature="tearDown()[pri:0, instance:com.qa.openkart.tests.LoginPageTest@20435c40]" started-at="2021-07-28T23:04:41Z" name="tearDown" finished-at="2021-07-28T23:04:41Z" duration-ms="334" status="PASS">
          <reporter-output>
          </reporter-output>
        </test-method> <!-- tearDown -->
      </class> <!-- com.qa.openkart.tests.LoginPageTest -->
    </test> <!-- Login Page Test -->
    <test started-at="2021-07-28T17:34:41Z" name="Home Page Test" finished-at="2021-07-28T17:34:52Z" duration-ms="10693">
      <class name="com.qa.openkart.tests.HomePageTest">
        <test-method is-config="true" signature="setUP()[pri:0, instance:com.qa.openkart.tests.HomePageTest@7393222f]" started-at="2021-07-28T23:04:41Z" name="setUP" finished-at="2021-07-28T23:04:46Z" duration-ms="4556" status="PASS">
          <reporter-output>
          </reporter-output>
        </test-method> <!-- setUP -->
        <test-method is-config="true" signature="HomePageSetup()[pri:0, instance:com.qa.openkart.tests.HomePageTest@7393222f]" started-at="2021-07-28T23:04:46Z" name="HomePageSetup" finished-at="2021-07-28T23:04:49Z" duration-ms="3384" status="PASS">
          <reporter-output>
          </reporter-output>
        </test-method> <!-- HomePageSetup -->
        <test-method signature="HomePageVerification()[pri:0, instance:com.qa.openkart.tests.HomePageTest@7393222f]" started-at="2021-07-28T23:04:49Z" name="HomePageVerification" finished-at="2021-07-28T23:04:49Z" duration-ms="44" status="PASS">
          <reporter-output>
          </reporter-output>
        </test-method> <!-- HomePageVerification -->
        <test-method signature="itemsintheCart()[pri:0, instance:com.qa.openkart.tests.HomePageTest@7393222f]" started-at="2021-07-28T23:04:49Z" name="itemsintheCart" finished-at="2021-07-28T23:04:49Z" duration-ms="85" status="FAIL">
          <exception class="java.lang.AssertionError">
            <message>
              <![CDATA[expected [true] but found [false]]]>
            </message>
            <full-stacktrace>
              <![CDATA[java.lang.AssertionError: expected [true] but found [false]
	at org.testng.Assert.fail(Assert.java:94)
	at org.testng.Assert.failNotEquals(Assert.java:494)
	at org.testng.Assert.assertTrue(Assert.java:42)
	at org.testng.Assert.assertTrue(Assert.java:52)
	at com.qa.openkart.tests.HomePageTest.itemsintheCart(HomePageTest.java:36)
	at java.base/jdk.internal.reflect.NativeMethodAccessorImpl.invoke0(Native Method)
	at java.base/jdk.internal.reflect.NativeMethodAccessorImpl.invoke(NativeMethodAccessorImpl.java:78)
	at java.base/jdk.internal.reflect.DelegatingMethodAccessorImpl.invoke(DelegatingMethodAccessorImpl.java:43)
	at java.base/java.lang.reflect.Method.invoke(Method.java:567)
	at org.testng.internal.MethodInvocationHelper.invokeMethod(MethodInvocationHelper.java:80)
	at org.testng.internal.Invoker.invokeMethod(Invoker.java:714)
	at org.testng.internal.Invoker.invokeTestMethod(Invoker.java:901)
	at org.testng.internal.Invoker.invokeTestMethods(Invoker.java:1231)
	at org.testng.internal.TestMethodWorker.invokeTestMethods(TestMethodWorker.java:127)
	at org.testng.internal.TestMethodWorker.run(TestMethodWorker.java:111)
	at org.testng.TestRunner.privateRun(TestRunner.java:767)
	at org.testng.TestRunner.run(TestRunner.java:617)
	at org.testng.SuiteRunner.runTest(SuiteRunner.java:334)
	at org.testng.SuiteRunner.runSequentially(SuiteRunner.java:329)
	at org.testng.SuiteRunner.privateRun(SuiteRunner.java:291)
	at org.testng.SuiteRunner.run(SuiteRunner.java:240)
	at org.testng.SuiteRunnerWorker.runSuite(SuiteRunnerWorker.java:52)
	at org.testng.SuiteRunnerWorker.run(SuiteRunnerWorker.java:86)
	at org.testng.TestNG.runSuitesSequentially(TestNG.java:1198)
	at org.testng.TestNG.runSuitesLocally(TestNG.java:1123)
	at org.testng.TestNG.run(TestNG.java:1031)
	at org.testng.remote.AbstractRemoteTestNG.run(AbstractRemoteTestNG.java:115)
	at org.testng.remote.RemoteTestNG.initAndRun(RemoteTestNG.java:251)
	at org.testng.remote.RemoteTestNG.main(RemoteTestNG.java:77)
]]>
            </full-stacktrace>
          </exception> <!-- java.lang.AssertionError -->
          <reporter-output>
          </reporter-output>
        </test-method> <!-- itemsintheCart -->
        <test-method signature="menuDataVerification()[pri:0, instance:com.qa.openkart.tests.HomePageTest@7393222f]" started-at="2021-07-28T23:04:49Z" name="menuDataVerification" finished-at="2021-07-28T23:04:50Z" duration-ms="267" status="PASS">
          <reporter-output>
          </reporter-output>
        </test-method> <!-- menuDataVerification -->
        <test-method signature="multipleItemsVerficaiton()[pri:0, instance:com.qa.openkart.tests.HomePageTest@7393222f]" started-at="2021-07-28T23:04:50Z" name="multipleItemsVerficaiton" finished-at="2021-07-28T23:04:50Z" duration-ms="111" status="PASS">
          <reporter-output>
          </reporter-output>
        </test-method> <!-- multipleItemsVerficaiton -->
        <test-method signature="searchMethodVerification()[pri:0, instance:com.qa.openkart.tests.HomePageTest@7393222f]" started-at="2021-07-28T23:04:50Z" name="searchMethodVerification" finished-at="2021-07-28T23:04:52Z" duration-ms="1826" status="PASS">
          <reporter-output>
          </reporter-output>
        </test-method> <!-- searchMethodVerification -->
        <test-method is-config="true" signature="tearDown()[pri:0, instance:com.qa.openkart.tests.HomePageTest@7393222f]" started-at="2021-07-28T23:04:52Z" name="tearDown" finished-at="2021-07-28T23:04:52Z" duration-ms="409" status="PASS">
          <reporter-output>
          </reporter-output>
        </test-method> <!-- tearDown -->
      </class> <!-- com.qa.openkart.tests.HomePageTest -->
    </test> <!-- Home Page Test -->
  </suite> <!-- OPen Kart Test Automation Suite -->
</testng-results>
