<?xml version="1.0" encoding="UTF-8"?>
<!-- Generated by org.testng.reporters.JUnitXMLReporter -->
<testsuite hostname="DESKTOP-M5M51V1" failures="0" tests="6" name="Default test" time="25.675" errors="0" timestamp="1 Aug 2021 16:45:18 GMT">
  <testcase classname="com.qa.openkart.tests.CartTest" name="verifyItemsinCart" time="0.028"/>
  <testcase classname="com.qa.openkart.tests.CartTest" name="verifyCartItemsNames" time="0.057"/>
  <testcase classname="com.qa.openkart.tests.CartTest" name="verifyCartProductData" time="0.285"/>
  <testcase classname="com.qa.openkart.tests.CartTest" name="verifyCuponCode" time="0.572"/>
  <testcase classname="com.qa.openkart.tests.CartTest" name="verifyEstimateTaxes" time="8.477"/>
  <testcase classname="com.qa.openkart.tests.CartTest" name="verifyGiftCertificate" time="2.773"/>
</testsuite> <!-- Default test -->
